<?xml version="1.0" encoding="UTF-8"?>
<!-- Generated by org.testng.reporters.JUnitXMLReporter -->
<testsuite ignored="0" hostname="DESKTOP-6EFHV11" failures="1" tests="1" name="Verifytextonhomepage" time="9.753" errors="0" timestamp="2020-12-26T18:10:38 IST">
  <testcase classname="pagetestcodes.TextverifyTest" name="textverify" time="3.033">
    <failure type="java.lang.AssertionError" message="expected [Featured courses] but found [FEATURED COURSES]">
      <![CDATA[java.lang.AssertionError: expected [Featured courses] but found [FEATURED COURSES]
at pagetestcodes.TextverifyTest.textverify(TextverifyTest.java:45)
at java.base/java.util.ArrayList.forEach(ArrayList.java:1540)
... Removed 32 stack frames]]>
    </failure>
  </testcase> <!-- textverify -->
</testsuite> <!-- Verifytextonhomepage -->
