<?xml version="1.0" encoding="UTF-8"?>
<testng-results skipped="0" failed="0" ignored="0" total="1" passed="1">
  <reporter-output>
  </reporter-output>
  <suite name="Default suite" duration-ms="32346" started-at="2020-12-28T14:52:50 IST" finished-at="2020-12-28T14:53:22 IST">
    <groups>
    </groups>
    <test name="Default test" duration-ms="32346" started-at="2020-12-28T14:52:50 IST" finished-at="2020-12-28T14:53:22 IST">
      <class name="pagetestcodes.LoginpageTest">
        <test-method status="PASS" signature="initializationbrowser()[pri:0, instance:pagetestcodes.LoginpageTest@2c039ac6]" name="initializationbrowser" is-config="true" duration-ms="11466" started-at="2020-12-28T14:52:50 IST" finished-at="2020-12-28T14:53:01 IST">
          <reporter-output>
          </reporter-output>
        </test-method> <!-- initializationbrowser -->
        <test-method status="PASS" signature="login()[pri:0, instance:pagetestcodes.LoginpageTest@2c039ac6]" name="login" duration-ms="19443" started-at="2020-12-28T14:53:01 IST" finished-at="2020-12-28T14:53:21 IST">
          <reporter-output>
          </reporter-output>
        </test-method> <!-- login -->
        <test-method status="PASS" signature="closebrowsersuccessfully()[pri:0, instance:pagetestcodes.LoginpageTest@2c039ac6]" name="closebrowsersuccessfully" is-config="true" duration-ms="1340" started-at="2020-12-28T14:53:21 IST" finished-at="2020-12-28T14:53:22 IST">
          <reporter-output>
          </reporter-output>
        </test-method> <!-- closebrowsersuccessfully -->
      </class> <!-- pagetestcodes.LoginpageTest -->
    </test> <!-- Default test -->
  </suite> <!-- Default suite -->
</testng-results>
